<?xml version="1.0" encoding="UTF-8"?>
<!-- Generated by org.testng.reporters.JUnitReportReporter -->
<testsuite skipped="0" hostname="PG027ZZL" name="com.fashioncloud.tests.EndToEndTest" tests="3" failures="0" timestamp="27 Jun 2021 13:10:33 GMT" time="30.980" errors="0">
  <testcase name="verifyAllImportantElementsOnPage" time="0.169" classname="com.fashioncloud.tests.EndToEndTest"/>
  <testcase name="addItemsToListAndVerify" time="0.540" classname="com.fashioncloud.tests.EndToEndTest"/>
  <testcase name="removeItemsFromListAndVerify" time="30.271" classname="com.fashioncloud.tests.EndToEndTest"/>
</testsuite> <!-- com.fashioncloud.tests.EndToEndTest -->
